2025-06-26 22:19:58,798 - __main__ - INFO - Configurazione applicazione caricata con successo
2025-06-26 22:19:58,882 - __main__ - INFO - Applicazione inizializzata con successo
2025-06-26 22:19:58,935 - werkzeug - INFO - [31m[1mWARNING: This is a development server. Do not use it in a production deployment. Use a production WSGI server instead.[0m
 * Running on all addresses (0.0.0.0)
 * Running on http://127.0.0.1:5000
 * Running on http://192.168.1.167:5000
2025-06-26 22:19:58,936 - werkzeug - INFO - [33mPress CTRL+C to quit[0m
2025-06-26 22:19:58,939 - werkzeug - INFO -  * Restarting with stat
2025-06-26 22:19:59,485 - __main__ - INFO - Configurazione applicazione caricata con successo
2025-06-26 22:19:59,534 - __main__ - INFO - Applicazione inizializzata con successo
2025-06-26 22:19:59,552 - werkzeug - WARNING -  * Debugger is active!
2025-06-26 22:19:59,563 - werkzeug - INFO -  * Debugger PIN: 124-881-311
2025-06-26 22:34:58,423 - werkzeug - INFO - 127.0.0.1 - - [26/Jun/2025 22:34:58] "[33mOPTIONS /api/auth/register HTTP/1.1[0m" 404 -
2025-06-26 22:41:13,376 - werkzeug - INFO -  * Detected change in 'C:\\Users\\gengi\\Desktop\\StudioDimaAI\\server\\app\\auth\\routes.py', reloading
2025-06-26 22:41:13,436 - werkzeug - INFO -  * Restarting with stat
2025-06-26 22:41:14,232 - __main__ - INFO - Configurazione applicazione caricata con successo
2025-06-26 22:41:14,297 - __main__ - INFO - Applicazione inizializzata con successo
2025-06-26 22:41:14,319 - werkzeug - WARNING -  * Debugger is active!
2025-06-26 22:41:14,327 - werkzeug - INFO -  * Debugger PIN: 124-881-311
2025-06-26 22:41:32,489 - werkzeug - INFO - 127.0.0.1 - - [26/Jun/2025 22:41:32] "OPTIONS /api/auth/register HTTP/1.1" 200 -
2025-06-26 22:41:32,747 - werkzeug - INFO - 127.0.0.1 - - [26/Jun/2025 22:41:32] "POST /api/auth/register HTTP/1.1" 200 -
2025-06-26 22:41:39,846 - werkzeug - INFO - 127.0.0.1 - - [26/Jun/2025 22:41:39] "POST /api/auth/register HTTP/1.1" 200 -
2025-06-26 22:46:53,995 - werkzeug - INFO - 127.0.0.1 - - [26/Jun/2025 22:46:53] "OPTIONS /api/auth/login HTTP/1.1" 200 -
2025-06-26 22:46:54,304 - werkzeug - INFO - 127.0.0.1 - - [26/Jun/2025 22:46:54] "[35m[1mPOST /api/auth/login HTTP/1.1[0m" 500 -
2025-06-26 22:47:24,605 - __main__ - INFO - Configurazione applicazione caricata con successo
2025-06-26 22:47:24,647 - __main__ - INFO - Applicazione inizializzata con successo
2025-06-26 22:47:24,678 - werkzeug - INFO - [31m[1mWARNING: This is a development server. Do not use it in a production deployment. Use a production WSGI server instead.[0m
 * Running on all addresses (0.0.0.0)
 * Running on http://127.0.0.1:5000
 * Running on http://192.168.1.167:5000
2025-06-26 22:47:24,678 - werkzeug - INFO - [33mPress CTRL+C to quit[0m
2025-06-26 22:47:24,680 - werkzeug - INFO -  * Restarting with stat
2025-06-26 22:47:25,195 - __main__ - INFO - Configurazione applicazione caricata con successo
2025-06-26 22:47:25,238 - __main__ - INFO - Applicazione inizializzata con successo
2025-06-26 22:47:25,258 - werkzeug - WARNING -  * Debugger is active!
2025-06-26 22:47:25,266 - werkzeug - INFO -  * Debugger PIN: 124-881-311
2025-06-26 22:49:09,675 - werkzeug - INFO - 127.0.0.1 - - [26/Jun/2025 22:49:09] "POST /api/auth/register HTTP/1.1" 200 -
2025-06-26 22:49:14,343 - werkzeug - INFO - 127.0.0.1 - - [26/Jun/2025 22:49:14] "[35m[1mPOST /api/auth/login HTTP/1.1[0m" 500 -
2025-06-26 23:29:33,679 - __main__ - INFO - Configurazione applicazione caricata con successo
2025-06-26 23:29:33,731 - __main__ - INFO - Applicazione inizializzata con successo
2025-06-26 23:29:33,763 - werkzeug - INFO - [31m[1mWARNING: This is a development server. Do not use it in a production deployment. Use a production WSGI server instead.[0m
 * Running on all addresses (0.0.0.0)
 * Running on http://127.0.0.1:5000
 * Running on http://192.168.1.167:5000
2025-06-26 23:29:33,763 - werkzeug - INFO - [33mPress CTRL+C to quit[0m
2025-06-26 23:29:33,765 - werkzeug - INFO -  * Restarting with stat
2025-06-26 23:29:34,301 - __main__ - INFO - Configurazione applicazione caricata con successo
2025-06-26 23:29:34,344 - __main__ - INFO - Applicazione inizializzata con successo
2025-06-26 23:29:34,359 - werkzeug - WARNING -  * Debugger is active!
2025-06-26 23:29:34,367 - werkzeug - INFO -  * Debugger PIN: 124-881-311
2025-06-26 23:29:53,645 - flask_cors.core - WARNING - Unknown option passed to Flask-CORS: origin
2025-06-26 23:29:53,645 - werkzeug - INFO - 127.0.0.1 - - [26/Jun/2025 23:29:53] "GET /api/tests/ping HTTP/1.1" 200 -
2025-06-26 23:29:53,741 - werkzeug - INFO - 127.0.0.1 - - [26/Jun/2025 23:29:53] "[33mGET /favicon.ico HTTP/1.1[0m" 404 -
2025-06-26 23:29:59,521 - werkzeug - INFO - 127.0.0.1 - - [26/Jun/2025 23:29:59] "[31m[1mPOST /api/auth/register HTTP/1.1[0m" 400 -
2025-06-26 23:35:29,118 - werkzeug - INFO - 127.0.0.1 - - [26/Jun/2025 23:35:29] "[31m[1mPOST /api/auth/register HTTP/1.1[0m" 400 -
2025-06-26 23:37:31,850 - werkzeug - INFO -  * Detected change in 'C:\\Users\\gengi\\Desktop\\StudioDimaAI\\server\\app\\auth\\routes.py', reloading
2025-06-26 23:37:31,953 - werkzeug - INFO -  * Restarting with stat
2025-06-26 23:37:32,606 - __main__ - INFO - Configurazione applicazione caricata con successo
2025-06-26 23:37:32,656 - __main__ - INFO - Applicazione inizializzata con successo
2025-06-26 23:37:32,671 - werkzeug - WARNING -  * Debugger is active!
2025-06-26 23:37:32,679 - werkzeug - INFO -  * Debugger PIN: 124-881-311
2025-06-26 23:37:47,626 - werkzeug - INFO - 127.0.0.1 - - [26/Jun/2025 23:37:47] "[35m[1mPOST /api/auth/register HTTP/1.1[0m" 500 -
2025-06-26 23:38:11,443 - werkzeug - INFO - 127.0.0.1 - - [26/Jun/2025 23:38:11] "[35m[1mPOST /api/auth/register HTTP/1.1[0m" 500 -
2025-06-26 23:54:17,042 - __main__ - INFO - Configurazione applicazione caricata con successo
2025-06-26 23:54:17,042 - __main__ - INFO - SQLALCHEMY_DATABASE_URI: sqlite:///users.db
2025-06-26 23:54:17,096 - __main__ - INFO - Applicazione inizializzata con successo
2025-06-26 23:54:17,125 - werkzeug - INFO - [31m[1mWARNING: This is a development server. Do not use it in a production deployment. Use a production WSGI server instead.[0m
 * Running on all addresses (0.0.0.0)
 * Running on http://127.0.0.1:5000
 * Running on http://192.168.1.167:5000
2025-06-26 23:54:17,125 - werkzeug - INFO - [33mPress CTRL+C to quit[0m
2025-06-26 23:54:17,127 - werkzeug - INFO -  * Restarting with stat
2025-06-26 23:54:17,636 - __main__ - INFO - Configurazione applicazione caricata con successo
2025-06-26 23:54:17,636 - __main__ - INFO - SQLALCHEMY_DATABASE_URI: sqlite:///users.db
2025-06-26 23:54:17,692 - __main__ - INFO - Applicazione inizializzata con successo
2025-06-26 23:54:17,705 - werkzeug - WARNING -  * Debugger is active!
2025-06-26 23:54:17,712 - werkzeug - INFO -  * Debugger PIN: 124-881-311
2025-06-26 23:54:31,820 - werkzeug - INFO - 127.0.0.1 - - [26/Jun/2025 23:54:31] "[35m[1mPOST /api/auth/login HTTP/1.1[0m" 500 -
2025-06-26 23:58:11,334 - werkzeug - INFO -  * Detected change in 'C:\\Users\\gengi\\Desktop\\StudioDimaAI\\server\\app\\config\\config.py', reloading
2025-06-26 23:58:11,435 - werkzeug - INFO -  * Restarting with stat
2025-06-26 23:58:12,073 - __main__ - INFO - Configurazione applicazione caricata con successo
2025-06-26 23:58:12,073 - __main__ - INFO - SQLALCHEMY_DATABASE_URI: sqlite:///users.db
2025-06-26 23:58:12,114 - __main__ - INFO - Applicazione inizializzata con successo
2025-06-26 23:58:12,132 - werkzeug - WARNING -  * Debugger is active!
2025-06-26 23:58:12,141 - werkzeug - INFO -  * Debugger PIN: 124-881-311
2025-06-26 23:58:17,856 - __main__ - INFO - Configurazione applicazione caricata con successo
2025-06-26 23:58:17,858 - __main__ - INFO - SQLALCHEMY_DATABASE_URI: sqlite:///users.db
2025-06-26 23:58:17,901 - __main__ - INFO - Applicazione inizializzata con successo
2025-06-26 23:58:17,926 - werkzeug - INFO - [31m[1mWARNING: This is a development server. Do not use it in a production deployment. Use a production WSGI server instead.[0m
 * Running on all addresses (0.0.0.0)
 * Running on http://127.0.0.1:5000
 * Running on http://192.168.1.167:5000
2025-06-26 23:58:17,926 - werkzeug - INFO - [33mPress CTRL+C to quit[0m
2025-06-26 23:58:17,928 - werkzeug - INFO -  * Restarting with stat
2025-06-26 23:58:18,443 - __main__ - INFO - Configurazione applicazione caricata con successo
2025-06-26 23:58:18,443 - __main__ - INFO - SQLALCHEMY_DATABASE_URI: sqlite:///users.db
2025-06-26 23:58:18,495 - __main__ - INFO - Applicazione inizializzata con successo
2025-06-26 23:58:18,499 - werkzeug - WARNING -  * Debugger is active!
2025-06-26 23:58:18,516 - werkzeug - INFO -  * Debugger PIN: 124-881-311
2025-06-26 23:58:34,318 - flask_cors.core - WARNING - Unknown option passed to Flask-CORS: origin
2025-06-26 23:58:34,318 - werkzeug - INFO - 127.0.0.1 - - [26/Jun/2025 23:58:34] "GET /api/tests/ping HTTP/1.1" 200 -
2025-06-26 23:58:38,957 - werkzeug - INFO - 127.0.0.1 - - [26/Jun/2025 23:58:38] "[35m[1mPOST /api/auth/login HTTP/1.1[0m" 500 -
2025-06-26 23:58:50,029 - werkzeug - INFO - 127.0.0.1 - - [26/Jun/2025 23:58:50] "[35m[1mPOST /api/auth/login HTTP/1.1[0m" 500 -
2025-06-26 23:58:56,088 - werkzeug - INFO - 127.0.0.1 - - [26/Jun/2025 23:58:56] "[31m[1mGET /api/auth/login HTTP/1.1[0m" 405 -
2025-06-27 00:00:05,014 - werkzeug - INFO -  * Detected change in 'C:\\Users\\gengi\\Desktop\\StudioDimaAI\\server\\app\\config\\config.py', reloading
2025-06-27 00:00:05,112 - werkzeug - INFO -  * Restarting with stat
2025-06-27 00:00:05,732 - __main__ - INFO - Configurazione applicazione caricata con successo
2025-06-27 00:00:05,732 - __main__ - INFO - SQLALCHEMY_DATABASE_URI: sqlite:///C:\Users\gengi\Desktop\StudioDimaAI\server\instance\users.db
2025-06-27 00:00:05,781 - __main__ - INFO - Applicazione inizializzata con successo
2025-06-27 00:00:05,798 - werkzeug - WARNING -  * Debugger is active!
2025-06-27 00:00:05,807 - werkzeug - INFO -  * Debugger PIN: 124-881-311
2025-06-27 00:00:10,178 - __main__ - INFO - Configurazione applicazione caricata con successo
2025-06-27 00:00:10,178 - __main__ - INFO - SQLALCHEMY_DATABASE_URI: sqlite:///C:\Users\gengi\Desktop\StudioDimaAI\server\instance\users.db
2025-06-27 00:00:10,236 - __main__ - INFO - Applicazione inizializzata con successo
2025-06-27 00:00:10,271 - werkzeug - INFO - [31m[1mWARNING: This is a development server. Do not use it in a production deployment. Use a production WSGI server instead.[0m
 * Running on all addresses (0.0.0.0)
 * Running on http://127.0.0.1:5000
 * Running on http://192.168.1.167:5000
2025-06-27 00:00:10,271 - werkzeug - INFO - [33mPress CTRL+C to quit[0m
2025-06-27 00:00:10,273 - werkzeug - INFO -  * Restarting with stat
2025-06-27 00:00:10,798 - __main__ - INFO - Configurazione applicazione caricata con successo
2025-06-27 00:00:10,799 - __main__ - INFO - SQLALCHEMY_DATABASE_URI: sqlite:///C:\Users\gengi\Desktop\StudioDimaAI\server\instance\users.db
2025-06-27 00:00:10,840 - __main__ - INFO - Applicazione inizializzata con successo
2025-06-27 00:00:10,857 - werkzeug - WARNING -  * Debugger is active!
2025-06-27 00:00:10,862 - werkzeug - INFO -  * Debugger PIN: 124-881-311
2025-06-27 00:00:23,388 - werkzeug - INFO - 127.0.0.1 - - [27/Jun/2025 00:00:23] "POST /api/auth/login HTTP/1.1" 200 -
2025-06-27 00:00:30,972 - werkzeug - INFO - 127.0.0.1 - - [27/Jun/2025 00:00:30] "[35m[1mPOST /api/auth/register HTTP/1.1[0m" 201 -
2025-06-27 00:01:15,660 - werkzeug - INFO - 127.0.0.1 - - [27/Jun/2025 00:01:15] "POST /api/auth/login HTTP/1.1" 200 -
2025-06-27 00:08:07,429 - werkzeug - INFO - 127.0.0.1 - - [27/Jun/2025 00:08:07] "POST /api/auth/login HTTP/1.1" 200 -
2025-06-27 22:18:25,067 - server.app.run - INFO - Configurazione applicazione caricata con successo
2025-06-27 22:18:25,068 - server.app.run - INFO - SQLALCHEMY_DATABASE_URI: sqlite:///C:\Users\gengi\Desktop\StudioDimaAI\server\instance\users.db
2025-06-27 22:18:25,087 - server.app.run - INFO - Applicazione inizializzata con successo
2025-06-27 22:18:47,423 - __main__ - INFO - Configurazione applicazione caricata con successo
2025-06-27 22:18:47,425 - __main__ - INFO - SQLALCHEMY_DATABASE_URI: sqlite:///C:\Users\gengi\Desktop\StudioDimaAI\server\instance\users.db
2025-06-27 22:18:47,464 - __main__ - INFO - Applicazione inizializzata con successo
2025-06-27 22:18:47,493 - werkzeug - INFO - [31m[1mWARNING: This is a development server. Do not use it in a production deployment. Use a production WSGI server instead.[0m
 * Running on all addresses (0.0.0.0)
 * Running on http://127.0.0.1:5000
 * Running on http://192.168.1.167:5000
2025-06-27 22:18:47,493 - werkzeug - INFO - [33mPress CTRL+C to quit[0m
2025-06-27 22:18:47,494 - werkzeug - INFO -  * Restarting with stat
2025-06-27 22:18:48,793 - __main__ - INFO - Configurazione applicazione caricata con successo
2025-06-27 22:18:48,793 - __main__ - INFO - SQLALCHEMY_DATABASE_URI: sqlite:///C:\Users\gengi\Desktop\StudioDimaAI\server\instance\users.db
2025-06-27 22:18:48,832 - __main__ - INFO - Applicazione inizializzata con successo
2025-06-27 22:18:48,848 - werkzeug - WARNING -  * Debugger is active!
2025-06-27 22:18:48,857 - werkzeug - INFO -  * Debugger PIN: 124-881-311
2025-06-27 22:19:17,602 - werkzeug - INFO - 127.0.0.1 - - [27/Jun/2025 22:19:17] "[35m[1mGET /api/calendar/list HTTP/1.1[0m" 500 -
2025-06-27 22:19:17,862 - werkzeug - INFO - 127.0.0.1 - - [27/Jun/2025 22:19:17] "[35m[1mGET /api/calendar/list HTTP/1.1[0m" 500 -
2025-06-27 22:21:22,106 - werkzeug - INFO -  * Detected change in 'C:\\Users\\gengi\\Desktop\\StudioDimaAI\\server\\app\\calendar\\utils.py', reloading
2025-06-27 22:21:22,264 - werkzeug - INFO -  * Restarting with stat
2025-06-27 22:21:23,656 - __main__ - INFO - Configurazione applicazione caricata con successo
2025-06-27 22:21:23,656 - __main__ - INFO - SQLALCHEMY_DATABASE_URI: sqlite:///C:\Users\gengi\Desktop\StudioDimaAI\server\instance\users.db
2025-06-27 22:21:23,688 - __main__ - INFO - Applicazione inizializzata con successo
2025-06-27 22:21:23,704 - werkzeug - WARNING -  * Debugger is active!
2025-06-27 22:21:23,713 - werkzeug - INFO -  * Debugger PIN: 124-881-311
2025-06-27 22:21:33,341 - werkzeug - INFO -  * Detected change in 'C:\\Users\\gengi\\Desktop\\StudioDimaAI\\server\\app\\calendar\\service.py', reloading
2025-06-27 22:21:33,500 - werkzeug - INFO -  * Restarting with stat
2025-06-27 22:21:34,804 - __main__ - INFO - Configurazione applicazione caricata con successo
2025-06-27 22:21:34,804 - __main__ - INFO - SQLALCHEMY_DATABASE_URI: sqlite:///C:\Users\gengi\Desktop\StudioDimaAI\server\instance\users.db
2025-06-27 22:21:34,836 - __main__ - INFO - Applicazione inizializzata con successo
2025-06-27 22:21:34,854 - werkzeug - WARNING -  * Debugger is active!
2025-06-27 22:21:34,863 - werkzeug - INFO -  * Debugger PIN: 124-881-311
2025-06-27 22:21:40,271 - werkzeug - INFO -  * Detected change in 'C:\\Users\\gengi\\Desktop\\StudioDimaAI\\server\\app\\calendar\\controller.py', reloading
2025-06-27 22:21:40,515 - werkzeug - INFO -  * Restarting with stat
2025-06-27 22:21:41,999 - __main__ - INFO - Configurazione applicazione caricata con successo
2025-06-27 22:21:41,999 - __main__ - INFO - SQLALCHEMY_DATABASE_URI: sqlite:///C:\Users\gengi\Desktop\StudioDimaAI\server\instance\users.db
2025-06-27 22:21:42,034 - __main__ - INFO - Applicazione inizializzata con successo
2025-06-27 22:21:42,052 - werkzeug - WARNING -  * Debugger is active!
2025-06-27 22:21:42,062 - werkzeug - INFO -  * Debugger PIN: 124-881-311
2025-06-27 22:21:52,792 - werkzeug - INFO -  * Detected change in 'C:\\Users\\gengi\\Desktop\\StudioDimaAI\\server\\app\\calendar\\routes.py', reloading
2025-06-27 22:21:52,968 - werkzeug - INFO -  * Restarting with stat
2025-06-27 22:21:54,402 - __main__ - INFO - Configurazione applicazione caricata con successo
2025-06-27 22:21:54,402 - __main__ - INFO - SQLALCHEMY_DATABASE_URI: sqlite:///C:\Users\gengi\Desktop\StudioDimaAI\server\instance\users.db
2025-06-27 22:21:54,439 - __main__ - INFO - Applicazione inizializzata con successo
2025-06-27 22:21:54,458 - werkzeug - WARNING -  * Debugger is active!
2025-06-27 22:21:54,471 - werkzeug - INFO -  * Debugger PIN: 124-881-311
2025-06-27 22:22:30,688 - werkzeug - INFO - 127.0.0.1 - - [27/Jun/2025 22:22:30] "[35m[1mGET /api/calendar/list HTTP/1.1[0m" 500 -
2025-06-27 22:22:30,952 - werkzeug - INFO - 127.0.0.1 - - [27/Jun/2025 22:22:30] "[35m[1mGET /api/calendar/list HTTP/1.1[0m" 500 -
2025-06-27 22:23:02,477 - __main__ - INFO - Configurazione applicazione caricata con successo
2025-06-27 22:23:02,477 - __main__ - INFO - SQLALCHEMY_DATABASE_URI: sqlite:///C:\Users\gengi\Desktop\StudioDimaAI\server\instance\users.db
2025-06-27 22:23:02,509 - __main__ - INFO - Applicazione inizializzata con successo
2025-06-27 22:23:02,535 - werkzeug - INFO - [31m[1mWARNING: This is a development server. Do not use it in a production deployment. Use a production WSGI server instead.[0m
 * Running on all addresses (0.0.0.0)
 * Running on http://127.0.0.1:5000
 * Running on http://192.168.1.167:5000
2025-06-27 22:23:02,535 - werkzeug - INFO - [33mPress CTRL+C to quit[0m
2025-06-27 22:23:02,536 - werkzeug - INFO -  * Restarting with stat
2025-06-27 22:23:03,753 - __main__ - INFO - Configurazione applicazione caricata con successo
2025-06-27 22:23:03,754 - __main__ - INFO - SQLALCHEMY_DATABASE_URI: sqlite:///C:\Users\gengi\Desktop\StudioDimaAI\server\instance\users.db
2025-06-27 22:23:03,785 - __main__ - INFO - Applicazione inizializzata con successo
2025-06-27 22:23:03,801 - werkzeug - WARNING -  * Debugger is active!
2025-06-27 22:23:03,810 - werkzeug - INFO -  * Debugger PIN: 124-881-311
2025-06-27 22:23:08,668 - werkzeug - INFO - 127.0.0.1 - - [27/Jun/2025 22:23:08] "[35m[1mGET /api/calendar/list HTTP/1.1[0m" 500 -
2025-06-27 22:23:08,982 - werkzeug - INFO - 127.0.0.1 - - [27/Jun/2025 22:23:08] "[35m[1mGET /api/calendar/list HTTP/1.1[0m" 500 -
2025-06-27 22:25:52,121 - __main__ - INFO - Configurazione applicazione caricata con successo
2025-06-27 22:25:52,121 - __main__ - INFO - SQLALCHEMY_DATABASE_URI: sqlite:///C:\Users\gengi\Desktop\StudioDimaAI\server\instance\users.db
2025-06-27 22:25:52,153 - __main__ - INFO - Applicazione inizializzata con successo
2025-06-27 22:25:52,183 - werkzeug - INFO - [31m[1mWARNING: This is a development server. Do not use it in a production deployment. Use a production WSGI server instead.[0m
 * Running on all addresses (0.0.0.0)
 * Running on http://127.0.0.1:5000
 * Running on http://192.168.1.167:5000
2025-06-27 22:25:52,183 - werkzeug - INFO - [33mPress CTRL+C to quit[0m
2025-06-27 22:25:52,185 - werkzeug - INFO -  * Restarting with stat
2025-06-27 22:25:53,412 - __main__ - INFO - Configurazione applicazione caricata con successo
2025-06-27 22:25:53,413 - __main__ - INFO - SQLALCHEMY_DATABASE_URI: sqlite:///C:\Users\gengi\Desktop\StudioDimaAI\server\instance\users.db
2025-06-27 22:25:53,444 - __main__ - INFO - Applicazione inizializzata con successo
2025-06-27 22:25:53,460 - werkzeug - WARNING -  * Debugger is active!
2025-06-27 22:25:53,468 - werkzeug - INFO -  * Debugger PIN: 124-881-311
2025-06-27 22:26:17,431 - werkzeug - INFO - 127.0.0.1 - - [27/Jun/2025 22:26:17] "[35m[1mGET /api/calendar/list HTTP/1.1[0m" 500 -
2025-06-27 22:26:17,693 - werkzeug - INFO - 127.0.0.1 - - [27/Jun/2025 22:26:17] "[35m[1mGET /api/calendar/list HTTP/1.1[0m" 500 -
2025-06-27 22:26:27,935 - werkzeug - INFO - 127.0.0.1 - - [27/Jun/2025 22:26:27] "[35m[1mGET /api/calendar/list HTTP/1.1[0m" 500 -
2025-06-27 22:26:28,198 - werkzeug - INFO - 127.0.0.1 - - [27/Jun/2025 22:26:28] "[35m[1mGET /api/calendar/list HTTP/1.1[0m" 500 -
2025-06-27 22:28:07,457 - werkzeug - INFO -  * Detected change in 'C:\\Users\\gengi\\Desktop\\StudioDimaAI\\server\\app\\config\\config.py', reloading
2025-06-27 22:28:07,617 - werkzeug - INFO -  * Restarting with stat
2025-06-27 22:28:07,709 - werkzeug - INFO -  * Detected change in 'C:\\Users\\gengi\\Desktop\\StudioDimaAI\\server\\app\\config\\config.py', reloading
2025-06-27 22:28:07,886 - werkzeug - INFO -  * Restarting with stat
2025-06-27 22:28:09,062 - __main__ - INFO - Configurazione applicazione caricata con successo
2025-06-27 22:28:09,062 - __main__ - INFO - SQLALCHEMY_DATABASE_URI: sqlite:///C:\Users\gengi\Desktop\StudioDimaAI\server\instance\users.db
2025-06-27 22:28:09,095 - __main__ - INFO - Applicazione inizializzata con successo
2025-06-27 22:28:09,112 - werkzeug - WARNING -  * Debugger is active!
2025-06-27 22:28:09,121 - werkzeug - INFO -  * Debugger PIN: 124-881-311
2025-06-27 22:28:09,278 - __main__ - INFO - Configurazione applicazione caricata con successo
2025-06-27 22:28:09,278 - __main__ - INFO - SQLALCHEMY_DATABASE_URI: sqlite:///C:\Users\gengi\Desktop\StudioDimaAI\server\instance\users.db
2025-06-27 22:28:09,311 - __main__ - INFO - Applicazione inizializzata con successo
2025-06-27 22:28:09,326 - werkzeug - WARNING -  * Debugger is active!
2025-06-27 22:28:09,336 - werkzeug - INFO -  * Debugger PIN: 124-881-311
2025-06-27 22:28:56,449 - werkzeug - INFO - 127.0.0.1 - - [27/Jun/2025 22:28:56] "[35m[1mGET /api/calendar/list HTTP/1.1[0m" 500 -
2025-06-27 22:28:56,714 - werkzeug - INFO - 127.0.0.1 - - [27/Jun/2025 22:28:56] "[35m[1mGET /api/calendar/list HTTP/1.1[0m" 500 -
2025-06-27 22:33:34,706 - werkzeug - INFO -  * Detected change in 'C:\\Users\\gengi\\Desktop\\StudioDimaAI\\server\\app\\config\\config.py', reloading
2025-06-27 22:33:34,889 - werkzeug - INFO -  * Detected change in 'C:\\Users\\gengi\\Desktop\\StudioDimaAI\\server\\app\\config\\config.py', reloading
2025-06-27 22:33:34,923 - werkzeug - INFO -  * Restarting with stat
2025-06-27 22:33:35,053 - werkzeug - INFO -  * Restarting with stat
2025-06-27 22:33:36,402 - __main__ - INFO - Configurazione applicazione caricata con successo
2025-06-27 22:33:36,403 - __main__ - INFO - SQLALCHEMY_DATABASE_URI: sqlite:///C:\Users\gengi\Desktop\StudioDimaAI\server\instance\users.db
2025-06-27 22:33:36,435 - __main__ - INFO - Applicazione inizializzata con successo
2025-06-27 22:33:36,451 - werkzeug - WARNING -  * Debugger is active!
2025-06-27 22:33:36,460 - werkzeug - INFO -  * Debugger PIN: 124-881-311
2025-06-27 22:33:36,477 - __main__ - INFO - Configurazione applicazione caricata con successo
2025-06-27 22:33:36,477 - __main__ - INFO - SQLALCHEMY_DATABASE_URI: sqlite:///C:\Users\gengi\Desktop\StudioDimaAI\server\instance\users.db
2025-06-27 22:33:36,509 - __main__ - INFO - Applicazione inizializzata con successo
2025-06-27 22:33:36,524 - werkzeug - WARNING -  * Debugger is active!
2025-06-27 22:33:36,533 - werkzeug - INFO -  * Debugger PIN: 124-881-311
2025-06-27 22:33:51,332 - werkzeug - INFO -  * Detected change in 'C:\\Users\\gengi\\Desktop\\StudioDimaAI\\server\\app\\calendar\\exceptions.py', reloading
2025-06-27 22:33:51,393 - werkzeug - INFO -  * Detected change in 'C:\\Users\\gengi\\Desktop\\StudioDimaAI\\server\\app\\calendar\\exceptions.py', reloading
2025-06-27 22:33:51,545 - werkzeug - INFO -  * Restarting with stat
2025-06-27 22:33:51,620 - werkzeug - INFO -  * Restarting with stat
2025-06-27 22:33:53,105 - __main__ - INFO - Configurazione applicazione caricata con successo
2025-06-27 22:33:53,106 - __main__ - INFO - SQLALCHEMY_DATABASE_URI: sqlite:///C:\Users\gengi\Desktop\StudioDimaAI\server\instance\users.db
2025-06-27 22:33:53,136 - __main__ - INFO - Configurazione applicazione caricata con successo
2025-06-27 22:33:53,136 - __main__ - INFO - SQLALCHEMY_DATABASE_URI: sqlite:///C:\Users\gengi\Desktop\StudioDimaAI\server\instance\users.db
2025-06-27 22:33:53,138 - __main__ - INFO - Applicazione inizializzata con successo
2025-06-27 22:33:53,156 - werkzeug - WARNING -  * Debugger is active!
2025-06-27 22:33:53,164 - werkzeug - INFO -  * Debugger PIN: 124-881-311
2025-06-27 22:33:53,169 - __main__ - INFO - Applicazione inizializzata con successo
2025-06-27 22:33:53,185 - werkzeug - WARNING -  * Debugger is active!
2025-06-27 22:33:53,195 - werkzeug - INFO -  * Debugger PIN: 124-881-311
2025-06-27 22:34:02,775 - werkzeug - INFO -  * Detected change in 'C:\\Users\\gengi\\Desktop\\StudioDimaAI\\server\\app\\calendar\\utils.py', reloading
2025-06-27 22:34:02,812 - werkzeug - INFO -  * Detected change in 'C:\\Users\\gengi\\Desktop\\StudioDimaAI\\server\\app\\calendar\\utils.py', reloading
2025-06-27 22:34:02,963 - werkzeug - INFO -  * Restarting with stat
2025-06-27 22:34:03,006 - werkzeug - INFO -  * Restarting with stat
2025-06-27 22:34:04,437 - __main__ - INFO - Configurazione applicazione caricata con successo
2025-06-27 22:34:04,438 - __main__ - INFO - SQLALCHEMY_DATABASE_URI: sqlite:///C:\Users\gengi\Desktop\StudioDimaAI\server\instance\users.db
2025-06-27 22:34:04,443 - __main__ - INFO - Configurazione applicazione caricata con successo
2025-06-27 22:34:04,443 - __main__ - INFO - SQLALCHEMY_DATABASE_URI: sqlite:///C:\Users\gengi\Desktop\StudioDimaAI\server\instance\users.db
2025-06-27 22:34:04,471 - __main__ - INFO - Applicazione inizializzata con successo
2025-06-27 22:34:04,476 - __main__ - INFO - Applicazione inizializzata con successo
2025-06-27 22:34:04,487 - werkzeug - WARNING -  * Debugger is active!
2025-06-27 22:34:04,492 - werkzeug - WARNING -  * Debugger is active!
2025-06-27 22:34:04,496 - werkzeug - INFO -  * Debugger PIN: 124-881-311
2025-06-27 22:34:04,500 - werkzeug - INFO -  * Debugger PIN: 124-881-311
2025-06-27 22:34:50,088 - werkzeug - INFO -  * Detected change in 'C:\\Users\\gengi\\Desktop\\StudioDimaAI\\server\\app\\calendar\\routes.py', reloading
2025-06-27 22:34:50,091 - werkzeug - INFO -  * Detected change in 'C:\\Users\\gengi\\Desktop\\StudioDimaAI\\server\\app\\calendar\\routes.py', reloading
2025-06-27 22:34:50,318 - werkzeug - INFO -  * Restarting with stat
2025-06-27 22:34:50,320 - werkzeug - INFO -  * Restarting with stat
2025-06-27 22:34:51,848 - __main__ - INFO - Configurazione applicazione caricata con successo
2025-06-27 22:34:51,848 - __main__ - INFO - SQLALCHEMY_DATABASE_URI: sqlite:///C:\Users\gengi\Desktop\StudioDimaAI\server\instance\users.db
2025-06-27 22:34:51,850 - __main__ - INFO - Configurazione applicazione caricata con successo
2025-06-27 22:34:51,850 - __main__ - INFO - SQLALCHEMY_DATABASE_URI: sqlite:///C:\Users\gengi\Desktop\StudioDimaAI\server\instance\users.db
2025-06-27 22:34:51,880 - __main__ - INFO - Applicazione inizializzata con successo
2025-06-27 22:34:51,882 - __main__ - INFO - Applicazione inizializzata con successo
2025-06-27 22:34:51,897 - werkzeug - WARNING -  * Debugger is active!
2025-06-27 22:34:51,898 - werkzeug - WARNING -  * Debugger is active!
2025-06-27 22:34:51,906 - werkzeug - INFO -  * Debugger PIN: 124-881-311
2025-06-27 22:34:51,907 - werkzeug - INFO -  * Debugger PIN: 124-881-311
2025-06-27 22:37:10,393 - werkzeug - INFO -  * Detected change in 'C:\\Users\\gengi\\Desktop\\StudioDimaAI\\server\\app\\calendar\\utils.py', reloading
2025-06-27 22:37:10,398 - werkzeug - INFO -  * Detected change in 'C:\\Users\\gengi\\Desktop\\StudioDimaAI\\server\\app\\calendar\\utils.py', reloading
2025-06-27 22:37:10,568 - werkzeug - INFO -  * Restarting with stat
2025-06-27 22:37:10,573 - werkzeug - INFO -  * Restarting with stat
2025-06-27 22:37:12,038 - __main__ - INFO - Configurazione applicazione caricata con successo
2025-06-27 22:37:12,039 - __main__ - INFO - SQLALCHEMY_DATABASE_URI: sqlite:///C:\Users\gengi\Desktop\StudioDimaAI\server\instance\users.db
2025-06-27 22:37:12,049 - __main__ - INFO - Configurazione applicazione caricata con successo
2025-06-27 22:37:12,049 - __main__ - INFO - SQLALCHEMY_DATABASE_URI: sqlite:///C:\Users\gengi\Desktop\StudioDimaAI\server\instance\users.db
2025-06-27 22:37:12,070 - __main__ - INFO - Applicazione inizializzata con successo
2025-06-27 22:37:12,081 - __main__ - INFO - Applicazione inizializzata con successo
2025-06-27 22:37:12,086 - werkzeug - WARNING -  * Debugger is active!
2025-06-27 22:37:12,095 - werkzeug - INFO -  * Debugger PIN: 124-881-311
2025-06-27 22:37:12,096 - werkzeug - WARNING -  * Debugger is active!
2025-06-27 22:37:12,105 - werkzeug - INFO -  * Debugger PIN: 124-881-311
2025-06-27 22:37:19,601 - werkzeug - INFO -  * Detected change in 'C:\\Users\\gengi\\Desktop\\StudioDimaAI\\server\\app\\calendar\\service.py', reloading
2025-06-27 22:37:19,619 - werkzeug - INFO -  * Detected change in 'C:\\Users\\gengi\\Desktop\\StudioDimaAI\\server\\app\\calendar\\service.py', reloading
2025-06-27 22:37:19,785 - werkzeug - INFO -  * Restarting with stat
2025-06-27 22:37:19,805 - werkzeug - INFO -  * Restarting with stat
2025-06-27 22:37:21,290 - __main__ - INFO - Configurazione applicazione caricata con successo
2025-06-27 22:37:21,290 - __main__ - INFO - SQLALCHEMY_DATABASE_URI: sqlite:///C:\Users\gengi\Desktop\StudioDimaAI\server\instance\users.db
2025-06-27 22:37:21,304 - __main__ - INFO - Configurazione applicazione caricata con successo
2025-06-27 22:37:21,305 - __main__ - INFO - SQLALCHEMY_DATABASE_URI: sqlite:///C:\Users\gengi\Desktop\StudioDimaAI\server\instance\users.db
2025-06-27 22:37:21,322 - __main__ - INFO - Applicazione inizializzata con successo
2025-06-27 22:37:21,336 - __main__ - INFO - Applicazione inizializzata con successo
2025-06-27 22:37:21,338 - werkzeug - WARNING -  * Debugger is active!
2025-06-27 22:37:21,346 - werkzeug - INFO -  * Debugger PIN: 124-881-311
2025-06-27 22:37:21,352 - werkzeug - WARNING -  * Debugger is active!
2025-06-27 22:37:21,360 - werkzeug - INFO -  * Debugger PIN: 124-881-311
2025-06-27 22:37:28,855 - werkzeug - INFO -  * Detected change in 'C:\\Users\\gengi\\Desktop\\StudioDimaAI\\server\\app\\calendar\\controller.py', reloading
2025-06-27 22:37:28,856 - werkzeug - INFO -  * Detected change in 'C:\\Users\\gengi\\Desktop\\StudioDimaAI\\server\\app\\calendar\\controller.py', reloading
2025-06-27 22:37:29,043 - werkzeug - INFO -  * Restarting with stat
2025-06-27 22:37:30,607 - __main__ - INFO - Configurazione applicazione caricata con successo
2025-06-27 22:37:30,607 - __main__ - INFO - SQLALCHEMY_DATABASE_URI: sqlite:///C:\Users\gengi\Desktop\StudioDimaAI\server\instance\users.db
2025-06-27 22:37:30,620 - __main__ - INFO - Configurazione applicazione caricata con successo
2025-06-27 22:37:30,621 - __main__ - INFO - SQLALCHEMY_DATABASE_URI: sqlite:///C:\Users\gengi\Desktop\StudioDimaAI\server\instance\users.db
2025-06-27 22:37:30,640 - __main__ - INFO - Applicazione inizializzata con successo
2025-06-27 22:37:30,652 - __main__ - INFO - Applicazione inizializzata con successo
2025-06-27 22:37:30,656 - werkzeug - WARNING -  * Debugger is active!
2025-06-27 22:37:30,664 - werkzeug - INFO -  * Debugger PIN: 124-881-311
2025-06-27 22:37:30,668 - werkzeug - WARNING -  * Debugger is active!
2025-06-27 22:37:30,676 - werkzeug - INFO -  * Debugger PIN: 124-881-311
2025-06-27 22:37:46,607 - werkzeug - INFO -  * Detected change in 'C:\\Users\\gengi\\Desktop\\StudioDimaAI\\server\\app\\calendar\\routes.py', reloading
2025-06-27 22:37:46,608 - werkzeug - INFO -  * Detected change in 'C:\\Users\\gengi\\Desktop\\StudioDimaAI\\server\\app\\calendar\\routes.py', reloading
2025-06-27 22:37:46,812 - werkzeug - INFO -  * Restarting with stat
2025-06-27 22:37:46,812 - werkzeug - INFO -  * Restarting with stat
2025-06-27 22:37:48,331 - __main__ - INFO - Configurazione applicazione caricata con successo
2025-06-27 22:37:48,331 - __main__ - INFO - SQLALCHEMY_DATABASE_URI: sqlite:///C:\Users\gengi\Desktop\StudioDimaAI\server\instance\users.db
2025-06-27 22:37:48,349 - __main__ - INFO - Configurazione applicazione caricata con successo
2025-06-27 22:37:48,349 - __main__ - INFO - SQLALCHEMY_DATABASE_URI: sqlite:///C:\Users\gengi\Desktop\StudioDimaAI\server\instance\users.db
2025-06-27 22:37:48,365 - __main__ - INFO - Applicazione inizializzata con successo
2025-06-27 22:37:48,381 - werkzeug - WARNING -  * Debugger is active!
2025-06-27 22:37:48,383 - __main__ - INFO - Applicazione inizializzata con successo
2025-06-27 22:37:48,390 - werkzeug - INFO -  * Debugger PIN: 124-881-311
2025-06-27 22:37:48,399 - werkzeug - WARNING -  * Debugger is active!
2025-06-27 22:37:48,408 - werkzeug - INFO -  * Debugger PIN: 124-881-311
2025-06-27 22:37:58,003 - werkzeug - INFO -  * Detected change in 'C:\\Users\\gengi\\Desktop\\StudioDimaAI\\server\\app\\auth_google\\routes.py', reloading
2025-06-27 22:37:58,049 - werkzeug - INFO -  * Detected change in 'C:\\Users\\gengi\\Desktop\\StudioDimaAI\\server\\app\\auth_google\\routes.py', reloading
2025-06-27 22:37:58,187 - werkzeug - INFO -  * Restarting with stat
2025-06-27 22:37:58,241 - werkzeug - INFO -  * Restarting with stat
2025-06-27 22:37:59,745 - __main__ - INFO - Configurazione applicazione caricata con successo
2025-06-27 22:37:59,745 - __main__ - INFO - SQLALCHEMY_DATABASE_URI: sqlite:///C:\Users\gengi\Desktop\StudioDimaAI\server\instance\users.db
2025-06-27 22:37:59,777 - __main__ - INFO - Applicazione inizializzata con successo
2025-06-27 22:37:59,789 - __main__ - INFO - Configurazione applicazione caricata con successo
2025-06-27 22:37:59,790 - __main__ - INFO - SQLALCHEMY_DATABASE_URI: sqlite:///C:\Users\gengi\Desktop\StudioDimaAI\server\instance\users.db
2025-06-27 22:37:59,793 - werkzeug - WARNING -  * Debugger is active!
2025-06-27 22:37:59,802 - werkzeug - INFO -  * Debugger PIN: 124-881-311
2025-06-27 22:37:59,822 - __main__ - INFO - Applicazione inizializzata con successo
2025-06-27 22:37:59,839 - werkzeug - WARNING -  * Debugger is active!
2025-06-27 22:37:59,848 - werkzeug - INFO -  * Debugger PIN: 124-881-311
2025-06-27 22:38:26,484 - werkzeug - INFO - 127.0.0.1 - - [27/Jun/2025 22:38:26] "[35m[1mGET /api/calendar/list HTTP/1.1[0m" 500 -
2025-06-27 22:38:26,746 - werkzeug - INFO - 127.0.0.1 - - [27/Jun/2025 22:38:26] "[35m[1mGET /api/calendar/list HTTP/1.1[0m" 500 -
2025-06-27 22:38:31,692 - werkzeug - INFO - 127.0.0.1 - - [27/Jun/2025 22:38:31] "[35m[1mGET /api/calendar/list HTTP/1.1[0m" 500 -
2025-06-27 22:38:32,004 - werkzeug - INFO - 127.0.0.1 - - [27/Jun/2025 22:38:32] "[35m[1mGET /api/calendar/list HTTP/1.1[0m" 500 -
2025-06-27 22:38:49,375 - werkzeug - INFO - 127.0.0.1 - - [27/Jun/2025 22:38:49] "[35m[1mGET /api/calendar/list HTTP/1.1[0m" 500 -
2025-06-27 22:38:49,456 - werkzeug - INFO - 127.0.0.1 - - [27/Jun/2025 22:38:49] "GET /api/calendar/list?__debugger__=yes&cmd=resource&f=style.css HTTP/1.1" 200 -
2025-06-27 22:38:49,632 - werkzeug - INFO - 127.0.0.1 - - [27/Jun/2025 22:38:49] "GET /api/calendar/list?__debugger__=yes&cmd=resource&f=debugger.js HTTP/1.1" 200 -
2025-06-27 22:38:49,980 - werkzeug - INFO - 127.0.0.1 - - [27/Jun/2025 22:38:49] "GET /api/calendar/list?__debugger__=yes&cmd=resource&f=console.png&s=XmdZXJTunU5wLV14oMAU HTTP/1.1" 200 -
2025-06-27 22:38:50,229 - werkzeug - INFO - 127.0.0.1 - - [27/Jun/2025 22:38:50] "GET /api/calendar/list?__debugger__=yes&cmd=resource&f=console.png HTTP/1.1" 200 -
2025-06-27 22:47:39,135 - werkzeug - INFO -  * Detected change in 'C:\\Users\\gengi\\Desktop\\StudioDimaAI\\server\\app\\calendar\\routes.py', reloading
2025-06-27 22:47:39,154 - werkzeug - INFO -  * Detected change in 'C:\\Users\\gengi\\Desktop\\StudioDimaAI\\server\\app\\calendar\\routes.py', reloading
2025-06-27 22:47:39,333 - werkzeug - INFO -  * Restarting with stat
2025-06-27 22:47:39,355 - werkzeug - INFO -  * Restarting with stat
2025-06-27 22:47:40,899 - __main__ - INFO - Configurazione applicazione caricata con successo
2025-06-27 22:47:40,899 - __main__ - INFO - SQLALCHEMY_DATABASE_URI: sqlite:///C:\Users\gengi\Desktop\StudioDimaAI\server\instance\users.db
2025-06-27 22:47:40,902 - __main__ - INFO - Configurazione applicazione caricata con successo
2025-06-27 22:47:40,902 - __main__ - INFO - SQLALCHEMY_DATABASE_URI: sqlite:///C:\Users\gengi\Desktop\StudioDimaAI\server\instance\users.db
2025-06-27 22:47:40,932 - __main__ - INFO - Applicazione inizializzata con successo
2025-06-27 22:47:40,934 - __main__ - INFO - Applicazione inizializzata con successo
2025-06-27 22:47:40,948 - werkzeug - WARNING -  * Debugger is active!
2025-06-27 22:47:40,949 - werkzeug - WARNING -  * Debugger is active!
2025-06-27 22:47:40,957 - werkzeug - INFO -  * Debugger PIN: 124-881-311
2025-06-27 22:47:40,958 - werkzeug - INFO -  * Debugger PIN: 124-881-311
2025-06-27 23:08:46,095 - werkzeug - INFO -  * Detected change in 'C:\\Users\\gengi\\Desktop\\StudioDimaAI\\server\\authenticate_google.py', reloading
2025-06-27 23:08:46,110 - werkzeug - INFO -  * Detected change in 'C:\\Users\\gengi\\Desktop\\StudioDimaAI\\server\\authenticate_google.py', reloading
2025-06-27 23:08:46,504 - werkzeug - INFO -  * Restarting with stat
2025-06-27 23:08:46,505 - werkzeug - INFO -  * Restarting with stat
2025-06-27 23:08:48,681 - __main__ - INFO - Configurazione applicazione caricata con successo
2025-06-27 23:08:48,681 - __main__ - INFO - SQLALCHEMY_DATABASE_URI: sqlite:///C:\Users\gengi\Desktop\StudioDimaAI\server\instance\users.db
2025-06-27 23:08:48,721 - __main__ - INFO - Configurazione applicazione caricata con successo
2025-06-27 23:08:48,723 - __main__ - INFO - SQLALCHEMY_DATABASE_URI: sqlite:///C:\Users\gengi\Desktop\StudioDimaAI\server\instance\users.db
2025-06-27 23:08:48,770 - __main__ - INFO - Applicazione inizializzata con successo
2025-06-27 23:08:48,775 - __main__ - INFO - Applicazione inizializzata con successo
2025-06-27 23:08:48,791 - werkzeug - WARNING -  * Debugger is active!
2025-06-27 23:08:48,817 - werkzeug - INFO -  * Debugger PIN: 124-881-311
2025-06-27 23:08:48,817 - werkzeug - INFO -  * Debugger PIN: 124-881-311
2025-06-27 23:09:08,114 - werkzeug - INFO -  * Detected change in 'C:\\Users\\gengi\\Desktop\\StudioDimaAI\\server\\app\\calendar\\utils.py', reloading
2025-06-27 23:09:08,127 - werkzeug - INFO -  * Detected change in 'C:\\Users\\gengi\\Desktop\\StudioDimaAI\\server\\app\\calendar\\utils.py', reloading
2025-06-27 23:09:08,339 - werkzeug - INFO -  * Restarting with stat
2025-06-27 23:09:08,355 - werkzeug - INFO -  * Restarting with stat
2025-06-27 23:09:10,035 - __main__ - INFO - Configurazione applicazione caricata con successo
2025-06-27 23:09:10,035 - __main__ - INFO - SQLALCHEMY_DATABASE_URI: sqlite:///C:\Users\gengi\Desktop\StudioDimaAI\server\instance\users.db
2025-06-27 23:09:10,035 - __main__ - INFO - Configurazione applicazione caricata con successo
2025-06-27 23:09:10,035 - __main__ - INFO - SQLALCHEMY_DATABASE_URI: sqlite:///C:\Users\gengi\Desktop\StudioDimaAI\server\instance\users.db
2025-06-27 23:09:10,073 - __main__ - INFO - Applicazione inizializzata con successo
2025-06-27 23:09:10,080 - __main__ - INFO - Applicazione inizializzata con successo
2025-06-27 23:09:10,094 - werkzeug - WARNING -  * Debugger is active!
2025-06-27 23:09:10,098 - werkzeug - WARNING -  * Debugger is active!
2025-06-27 23:09:10,104 - werkzeug - INFO -  * Debugger PIN: 124-881-311
2025-06-27 23:09:10,106 - werkzeug - INFO -  * Debugger PIN: 124-881-311
2025-06-27 23:09:24,116 - werkzeug - INFO -  * Detected change in 'C:\\Users\\gengi\\Desktop\\StudioDimaAI\\server\\app\\auth\\models.py', reloading
2025-06-27 23:09:24,116 - werkzeug - INFO -  * Detected change in 'C:\\Users\\gengi\\Desktop\\StudioDimaAI\\server\\app\\auth\\models.py', reloading
2025-06-27 23:09:24,323 - werkzeug - INFO -  * Restarting with stat
2025-06-27 23:09:24,323 - werkzeug - INFO -  * Restarting with stat
2025-06-27 23:09:26,111 - __main__ - INFO - Configurazione applicazione caricata con successo
2025-06-27 23:09:26,111 - __main__ - INFO - SQLALCHEMY_DATABASE_URI: sqlite:///C:\Users\gengi\Desktop\StudioDimaAI\server\instance\users.db
2025-06-27 23:09:26,128 - __main__ - INFO - Configurazione applicazione caricata con successo
2025-06-27 23:09:26,128 - __main__ - INFO - SQLALCHEMY_DATABASE_URI: sqlite:///C:\Users\gengi\Desktop\StudioDimaAI\server\instance\users.db
2025-06-27 23:09:26,143 - __main__ - INFO - Applicazione inizializzata con successo
2025-06-27 23:09:26,159 - werkzeug - WARNING -  * Debugger is active!
2025-06-27 23:09:26,175 - __main__ - INFO - Applicazione inizializzata con successo
2025-06-27 23:09:26,184 - werkzeug - INFO -  * Debugger PIN: 124-881-311
2025-06-27 23:09:26,195 - werkzeug - WARNING -  * Debugger is active!
2025-06-27 23:09:26,206 - werkzeug - INFO -  * Debugger PIN: 124-881-311
2025-06-27 23:09:29,483 - werkzeug - INFO -  * Detected change in 'C:\\Users\\gengi\\Desktop\\StudioDimaAI\\server\\init_db.py', reloading
2025-06-27 23:09:29,510 - werkzeug - INFO -  * Detected change in 'C:\\Users\\gengi\\Desktop\\StudioDimaAI\\server\\init_db.py', reloading
2025-06-27 23:09:29,718 - werkzeug - INFO -  * Restarting with stat
2025-06-27 23:09:29,734 - werkzeug - INFO -  * Restarting with stat
2025-06-27 23:09:31,657 - __main__ - INFO - Configurazione applicazione caricata con successo
2025-06-27 23:09:31,657 - __main__ - INFO - SQLALCHEMY_DATABASE_URI: sqlite:///C:\Users\gengi\Desktop\StudioDimaAI\server\instance\users.db
2025-06-27 23:09:31,668 - __main__ - INFO - Configurazione applicazione caricata con successo
2025-06-27 23:09:31,669 - __main__ - INFO - SQLALCHEMY_DATABASE_URI: sqlite:///C:\Users\gengi\Desktop\StudioDimaAI\server\instance\users.db
2025-06-27 23:09:31,693 - __main__ - INFO - Applicazione inizializzata con successo
2025-06-27 23:09:31,705 - __main__ - INFO - Applicazione inizializzata con successo
2025-06-27 23:09:31,722 - werkzeug - WARNING -  * Debugger is active!
2025-06-27 23:09:31,722 - werkzeug - WARNING -  * Debugger is active!
2025-06-27 23:09:31,722 - werkzeug - INFO -  * Debugger PIN: 124-881-311
2025-06-27 23:09:31,737 - werkzeug - INFO -  * Debugger PIN: 124-881-311
2025-06-27 23:12:53,726 - server.app.run - INFO - Configurazione applicazione caricata con successo
2025-06-27 23:12:53,727 - server.app.run - INFO - SQLALCHEMY_DATABASE_URI: sqlite:///C:\Users\gengi\Desktop\StudioDimaAI\server\instance\users.db
2025-06-27 23:12:53,752 - server.app.run - INFO - Applicazione inizializzata con successo
2025-06-27 23:13:04,995 - __main__ - INFO - Configurazione applicazione caricata con successo
2025-06-27 23:13:04,995 - __main__ - INFO - SQLALCHEMY_DATABASE_URI: sqlite:///C:\Users\gengi\Desktop\StudioDimaAI\server\instance\users.db
2025-06-27 23:13:05,032 - __main__ - INFO - Applicazione inizializzata con successo
2025-06-27 23:13:05,071 - werkzeug - INFO - [31m[1mWARNING: This is a development server. Do not use it in a production deployment. Use a production WSGI server instead.[0m
 * Running on all addresses (0.0.0.0)
 * Running on http://127.0.0.1:5000
 * Running on http://192.168.1.167:5000
2025-06-27 23:13:05,071 - werkzeug - INFO - [33mPress CTRL+C to quit[0m
2025-06-27 23:13:05,073 - werkzeug - INFO -  * Restarting with stat
2025-06-27 23:13:06,414 - __main__ - INFO - Configurazione applicazione caricata con successo
2025-06-27 23:13:06,415 - __main__ - INFO - SQLALCHEMY_DATABASE_URI: sqlite:///C:\Users\gengi\Desktop\StudioDimaAI\server\instance\users.db
2025-06-27 23:13:06,452 - __main__ - INFO - Applicazione inizializzata con successo
2025-06-27 23:13:06,470 - werkzeug - WARNING -  * Debugger is active!
2025-06-27 23:13:06,481 - werkzeug - INFO -  * Debugger PIN: 124-881-311
2025-06-27 23:13:31,631 - werkzeug - INFO - 127.0.0.1 - - [27/Jun/2025 23:13:31] "[35m[1mGET /api/calendar/list HTTP/1.1[0m" 500 -
2025-06-27 23:22:32,989 - werkzeug - INFO - 127.0.0.1 - - [27/Jun/2025 23:22:32] "OPTIONS /api/calendar/list HTTP/1.1" 200 -
2025-06-27 23:22:33,239 - werkzeug - INFO - 127.0.0.1 - - [27/Jun/2025 23:22:33] "[35m[1mGET /api/calendar/list HTTP/1.1[0m" 500 -
2025-06-27 23:24:44,814 - werkzeug - INFO -  * Detected change in 'C:\\Users\\gengi\\Desktop\\StudioDimaAI\\server\\app\\extensions.py', reloading
2025-06-27 23:24:44,937 - werkzeug - INFO -  * Detected change in 'C:\\Users\\gengi\\Desktop\\StudioDimaAI\\server\\app\\extensions.py', reloading
2025-06-27 23:24:45,200 - werkzeug - INFO -  * Restarting with stat
2025-06-27 23:24:45,203 - werkzeug - INFO -  * Restarting with stat
2025-06-27 23:24:46,996 - __main__ - INFO - Configurazione applicazione caricata con successo
2025-06-27 23:24:46,996 - __main__ - INFO - SQLALCHEMY_DATABASE_URI: sqlite:///C:\Users\gengi\Desktop\StudioDimaAI\server\instance\users.db
2025-06-27 23:24:47,013 - __main__ - INFO - Configurazione applicazione caricata con successo
2025-06-27 23:24:47,013 - __main__ - INFO - SQLALCHEMY_DATABASE_URI: sqlite:///C:\Users\gengi\Desktop\StudioDimaAI\server\instance\users.db
2025-06-27 23:24:47,071 - __main__ - INFO - Applicazione inizializzata con successo
2025-06-27 23:24:47,071 - __main__ - INFO - Applicazione inizializzata con successo
2025-06-27 23:24:47,112 - werkzeug - WARNING -  * Debugger is active!
2025-06-27 23:24:47,126 - werkzeug - INFO -  * Debugger PIN: 124-881-311
2025-06-27 23:24:54,681 - werkzeug - INFO -  * Detected change in 'C:\\Users\\gengi\\Desktop\\StudioDimaAI\\server\\app\\run.py', reloading
2025-06-27 23:24:54,683 - werkzeug - INFO -  * Detected change in 'C:\\Users\\gengi\\Desktop\\StudioDimaAI\\server\\app\\run.py', reloading
2025-06-27 23:24:54,900 - werkzeug - INFO -  * Restarting with stat
2025-06-27 23:24:54,903 - werkzeug - INFO -  * Restarting with stat
2025-06-27 23:24:56,535 - __main__ - INFO - Configurazione applicazione caricata con successo
2025-06-27 23:24:56,535 - __main__ - INFO - SQLALCHEMY_DATABASE_URI: sqlite:///C:\Users\gengi\Desktop\StudioDimaAI\server\instance\users.db
2025-06-27 23:24:56,535 - __main__ - INFO - Configurazione applicazione caricata con successo
2025-06-27 23:24:56,536 - __main__ - INFO - SQLALCHEMY_DATABASE_URI: sqlite:///C:\Users\gengi\Desktop\StudioDimaAI\server\instance\users.db
2025-06-27 23:24:56,575 - __main__ - INFO - Applicazione inizializzata con successo
2025-06-27 23:24:56,593 - werkzeug - WARNING -  * Debugger is active!
2025-06-27 23:24:56,604 - werkzeug - INFO -  * Debugger PIN: 124-881-311
2025-06-27 23:25:31,224 - werkzeug - INFO - 127.0.0.1 - - [27/Jun/2025 23:25:31] "OPTIONS /api/calendar/list HTTP/1.1" 200 -
2025-06-27 23:25:31,481 - werkzeug - INFO - 127.0.0.1 - - [27/Jun/2025 23:25:31] "[31m[1mGET /api/calendar/list HTTP/1.1[0m" 422 -
2025-06-27 23:26:20,487 - werkzeug - INFO -  * Detected change in 'C:\\Users\\gengi\\Desktop\\StudioDimaAI\\server\\app\\config\\config.py', reloading
2025-06-27 23:26:20,490 - werkzeug - INFO -  * Detected change in 'C:\\Users\\gengi\\Desktop\\StudioDimaAI\\server\\app\\config\\config.py', reloading
2025-06-27 23:26:20,683 - werkzeug - INFO -  * Restarting with stat
2025-06-27 23:26:20,690 - werkzeug - INFO -  * Restarting with stat
2025-06-27 23:26:22,279 - __main__ - INFO - Configurazione applicazione caricata con successo
2025-06-27 23:26:22,279 - __main__ - INFO - SQLALCHEMY_DATABASE_URI: sqlite:///C:\Users\gengi\Desktop\StudioDimaAI\server\instance\users.db
2025-06-27 23:26:22,280 - __main__ - INFO - Configurazione applicazione caricata con successo
2025-06-27 23:26:22,280 - __main__ - INFO - SQLALCHEMY_DATABASE_URI: sqlite:///C:\Users\gengi\Desktop\StudioDimaAI\server\instance\users.db
2025-06-27 23:26:22,318 - __main__ - INFO - Applicazione inizializzata con successo
2025-06-27 23:26:22,319 - __main__ - INFO - Applicazione inizializzata con successo
2025-06-27 23:26:22,337 - werkzeug - WARNING -  * Debugger is active!
2025-06-27 23:26:22,348 - werkzeug - INFO -  * Debugger PIN: 124-881-311
2025-06-27 23:26:22,348 - werkzeug - INFO -  * Debugger PIN: 124-881-311
2025-06-27 23:27:19,744 - werkzeug - INFO -  * Detected change in 'C:\\Users\\gengi\\Desktop\\StudioDimaAI\\server\\app\\config\\config.py', reloading
2025-06-27 23:27:19,753 - werkzeug - INFO -  * Detected change in 'C:\\Users\\gengi\\Desktop\\StudioDimaAI\\server\\app\\config\\config.py', reloading
2025-06-27 23:27:19,907 - werkzeug - INFO -  * Restarting with stat
2025-06-27 23:27:19,924 - werkzeug - INFO -  * Restarting with stat
2025-06-27 23:27:21,409 - __main__ - INFO - Configurazione applicazione caricata con successo
2025-06-27 23:27:21,409 - __main__ - INFO - SQLALCHEMY_DATABASE_URI: sqlite:///C:\Users\gengi\Desktop\StudioDimaAI\server\instance\users.db
2025-06-27 23:27:21,411 - __main__ - INFO - Configurazione applicazione caricata con successo
2025-06-27 23:27:21,411 - __main__ - INFO - SQLALCHEMY_DATABASE_URI: sqlite:///C:\Users\gengi\Desktop\StudioDimaAI\server\instance\users.db
2025-06-27 23:27:21,446 - __main__ - INFO - Applicazione inizializzata con successo
2025-06-27 23:27:21,447 - __main__ - INFO - Applicazione inizializzata con successo
2025-06-27 23:27:21,463 - werkzeug - WARNING -  * Debugger is active!
2025-06-27 23:27:21,463 - werkzeug - WARNING -  * Debugger is active!
2025-06-27 23:27:21,473 - werkzeug - INFO -  * Debugger PIN: 124-881-311
2025-06-27 23:27:21,473 - werkzeug - INFO -  * Debugger PIN: 124-881-311
2025-06-27 23:27:30,227 - werkzeug - INFO - 127.0.0.1 - - [27/Jun/2025 23:27:30] "OPTIONS /api/calendar/list HTTP/1.1" 200 -
2025-06-27 23:27:30,489 - werkzeug - INFO - 127.0.0.1 - - [27/Jun/2025 23:27:30] "[31m[1mGET /api/calendar/list HTTP/1.1[0m" 422 -
2025-06-27 23:28:47,462 - werkzeug - INFO -  * Detected change in 'C:\\Users\\gengi\\Desktop\\StudioDimaAI\\server\\app\\auth\\routes.py', reloading
2025-06-27 23:28:47,473 - werkzeug - INFO -  * Detected change in 'C:\\Users\\gengi\\Desktop\\StudioDimaAI\\server\\app\\auth\\routes.py', reloading
2025-06-27 23:28:47,668 - werkzeug - INFO -  * Restarting with stat
2025-06-27 23:28:47,668 - werkzeug - INFO -  * Restarting with stat
2025-06-27 23:28:49,237 - __main__ - INFO - Configurazione applicazione caricata con successo
2025-06-27 23:28:49,237 - __main__ - INFO - Configurazione applicazione caricata con successo
2025-06-27 23:28:49,237 - __main__ - INFO - SQLALCHEMY_DATABASE_URI: sqlite:///C:\Users\gengi\Desktop\StudioDimaAI\server\instance\users.db
2025-06-27 23:28:49,237 - __main__ - INFO - SQLALCHEMY_DATABASE_URI: sqlite:///C:\Users\gengi\Desktop\StudioDimaAI\server\instance\users.db
2025-06-27 23:28:49,284 - __main__ - INFO - Applicazione inizializzata con successo
2025-06-27 23:28:49,284 - __main__ - INFO - Applicazione inizializzata con successo
2025-06-27 23:28:49,301 - werkzeug - WARNING -  * Debugger is active!
2025-06-27 23:28:49,312 - werkzeug - INFO -  * Debugger PIN: 124-881-311
2025-06-27 23:30:33,782 - __main__ - INFO - Configurazione applicazione caricata con successo
2025-06-27 23:30:33,783 - __main__ - INFO - SQLALCHEMY_DATABASE_URI: sqlite:///C:\Users\gengi\Desktop\StudioDimaAI\server\instance\users.db
2025-06-27 23:30:33,820 - __main__ - INFO - Applicazione inizializzata con successo
2025-06-27 23:30:33,855 - werkzeug - INFO - [31m[1mWARNING: This is a development server. Do not use it in a production deployment. Use a production WSGI server instead.[0m
 * Running on all addresses (0.0.0.0)
 * Running on http://127.0.0.1:5000
 * Running on http://192.168.1.167:5000
2025-06-27 23:30:33,855 - werkzeug - INFO - [33mPress CTRL+C to quit[0m
2025-06-27 23:30:33,856 - werkzeug - INFO -  * Restarting with stat
2025-06-27 23:30:35,159 - __main__ - INFO - Configurazione applicazione caricata con successo
2025-06-27 23:30:35,159 - __main__ - INFO - SQLALCHEMY_DATABASE_URI: sqlite:///C:\Users\gengi\Desktop\StudioDimaAI\server\instance\users.db
2025-06-27 23:30:35,197 - __main__ - INFO - Applicazione inizializzata con successo
2025-06-27 23:30:35,214 - werkzeug - WARNING -  * Debugger is active!
2025-06-27 23:30:35,224 - werkzeug - INFO -  * Debugger PIN: 124-881-311
2025-06-27 23:30:46,150 - werkzeug - INFO - 127.0.0.1 - - [27/Jun/2025 23:30:46] "OPTIONS /api/auth/login HTTP/1.1" 200 -
2025-06-27 23:30:46,434 - werkzeug - INFO - 127.0.0.1 - - [27/Jun/2025 23:30:46] "[31m[1mPOST /api/auth/login HTTP/1.1[0m" 401 -
2025-06-27 23:31:15,802 - werkzeug - INFO - 127.0.0.1 - - [27/Jun/2025 23:31:15] "OPTIONS /api/auth/login HTTP/1.1" 200 -
2025-06-27 23:31:16,278 - werkzeug - INFO - 127.0.0.1 - - [27/Jun/2025 23:31:16] "POST /api/auth/login HTTP/1.1" 200 -
2025-06-27 23:31:31,153 - werkzeug - INFO - 127.0.0.1 - - [27/Jun/2025 23:31:31] "OPTIONS /api/calendar/list HTTP/1.1" 200 -
2025-06-27 23:31:31,431 - googleapiclient.discovery_cache - INFO - file_cache is only supported with oauth2client<4.0.0
2025-06-27 23:31:31,431 - werkzeug - INFO - 127.0.0.1 - - [27/Jun/2025 23:31:31] "GET /api/calendar/list HTTP/1.1" 200 -
2025-06-27 23:33:30,201 - werkzeug - INFO -  * Detected change in 'C:\\Users\\gengi\\Desktop\\StudioDimaAI\\server\\app\\calendar\\service.py', reloading
2025-06-27 23:33:30,221 - werkzeug - INFO -  * Detected change in 'C:\\Users\\gengi\\Desktop\\StudioDimaAI\\server\\app\\calendar\\service.py', reloading
2025-06-27 23:33:30,419 - werkzeug - INFO -  * Restarting with stat
2025-06-27 23:33:30,427 - werkzeug - INFO -  * Restarting with stat
2025-06-27 23:33:32,086 - __main__ - INFO - Configurazione applicazione caricata con successo
2025-06-27 23:33:32,086 - __main__ - INFO - SQLALCHEMY_DATABASE_URI: sqlite:///C:\Users\gengi\Desktop\StudioDimaAI\server\instance\users.db
2025-06-27 23:33:32,086 - __main__ - INFO - Configurazione applicazione caricata con successo
2025-06-27 23:33:32,086 - __main__ - INFO - SQLALCHEMY_DATABASE_URI: sqlite:///C:\Users\gengi\Desktop\StudioDimaAI\server\instance\users.db
2025-06-27 23:33:32,145 - __main__ - INFO - Applicazione inizializzata con successo
2025-06-27 23:33:32,145 - __main__ - INFO - Applicazione inizializzata con successo
2025-06-27 23:33:32,174 - werkzeug - WARNING -  * Debugger is active!
2025-06-27 23:33:32,174 - werkzeug - WARNING -  * Debugger is active!
2025-06-27 23:33:32,186 - werkzeug - INFO -  * Debugger PIN: 124-881-311
2025-06-27 23:33:32,189 - werkzeug - INFO -  * Debugger PIN: 124-881-311
2025-06-27 23:33:36,540 - werkzeug - INFO -  * Detected change in 'C:\\Users\\gengi\\Desktop\\StudioDimaAI\\server\\app\\calendar\\utils.py', reloading
2025-06-27 23:33:36,568 - werkzeug - INFO -  * Detected change in 'C:\\Users\\gengi\\Desktop\\StudioDimaAI\\server\\app\\calendar\\utils.py', reloading
2025-06-27 23:33:36,729 - werkzeug - INFO -  * Restarting with stat
2025-06-27 23:33:36,762 - werkzeug - INFO -  * Restarting with stat
2025-06-27 23:34:58,573 - __main__ - INFO - Configurazione applicazione caricata con successo
2025-06-27 23:34:58,573 - __main__ - INFO - SQLALCHEMY_DATABASE_URI: sqlite:///C:\Users\gengi\Desktop\StudioDimaAI\server\instance\users.db
2025-06-27 23:34:58,611 - __main__ - INFO - Applicazione inizializzata con successo
2025-06-27 23:34:58,640 - werkzeug - INFO - [31m[1mWARNING: This is a development server. Do not use it in a production deployment. Use a production WSGI server instead.[0m
 * Running on all addresses (0.0.0.0)
 * Running on http://127.0.0.1:5000
 * Running on http://192.168.1.167:5000
2025-06-27 23:34:58,641 - werkzeug - INFO - [33mPress CTRL+C to quit[0m
2025-06-27 23:34:58,642 - werkzeug - INFO -  * Restarting with stat
2025-06-27 23:34:59,961 - __main__ - INFO - Configurazione applicazione caricata con successo
2025-06-27 23:34:59,961 - __main__ - INFO - SQLALCHEMY_DATABASE_URI: sqlite:///C:\Users\gengi\Desktop\StudioDimaAI\server\instance\users.db
2025-06-27 23:34:59,998 - __main__ - INFO - Applicazione inizializzata con successo
2025-06-27 23:35:00,018 - werkzeug - WARNING -  * Debugger is active!
2025-06-27 23:35:00,027 - werkzeug - INFO -  * Debugger PIN: 124-881-311
2025-06-27 23:35:10,439 - werkzeug - INFO - 127.0.0.1 - - [27/Jun/2025 23:35:10] "OPTIONS /api/calendar/list HTTP/1.1" 200 -
2025-06-27 23:35:10,701 - googleapiclient.discovery_cache - INFO - file_cache is only supported with oauth2client<4.0.0
2025-06-27 23:35:11,485 - werkzeug - INFO - 127.0.0.1 - - [27/Jun/2025 23:35:11] "GET /api/calendar/list HTTP/1.1" 200 -
2025-06-27 23:37:07,039 - werkzeug - INFO -  * Detected change in 'C:\\Users\\gengi\\Desktop\\StudioDimaAI\\server\\app\\calendar\\service.py', reloading
2025-06-27 23:37:07,194 - werkzeug - INFO -  * Restarting with stat
2025-06-27 23:37:08,688 - __main__ - INFO - Configurazione applicazione caricata con successo
2025-06-27 23:37:08,689 - __main__ - INFO - SQLALCHEMY_DATABASE_URI: sqlite:///C:\Users\gengi\Desktop\StudioDimaAI\server\instance\users.db
2025-06-27 23:37:08,727 - __main__ - INFO - Applicazione inizializzata con successo
2025-06-27 23:37:08,743 - werkzeug - WARNING -  * Debugger is active!
2025-06-27 23:37:08,752 - werkzeug - INFO -  * Debugger PIN: 124-881-311
2025-06-27 23:38:04,660 - __main__ - INFO - Configurazione applicazione caricata con successo
2025-06-27 23:38:04,660 - __main__ - INFO - SQLALCHEMY_DATABASE_URI: sqlite:///C:\Users\gengi\Desktop\StudioDimaAI\server\instance\users.db
2025-06-27 23:38:04,698 - __main__ - INFO - Applicazione inizializzata con successo
2025-06-27 23:38:04,729 - werkzeug - INFO - [31m[1mWARNING: This is a development server. Do not use it in a production deployment. Use a production WSGI server instead.[0m
 * Running on all addresses (0.0.0.0)
 * Running on http://127.0.0.1:5000
 * Running on http://192.168.1.167:5000
2025-06-27 23:38:04,729 - werkzeug - INFO - [33mPress CTRL+C to quit[0m
2025-06-27 23:38:04,731 - werkzeug - INFO -  * Restarting with stat
2025-06-27 23:38:06,067 - __main__ - INFO - Configurazione applicazione caricata con successo
2025-06-27 23:38:06,067 - __main__ - INFO - SQLALCHEMY_DATABASE_URI: sqlite:///C:\Users\gengi\Desktop\StudioDimaAI\server\instance\users.db
2025-06-27 23:38:06,104 - __main__ - INFO - Applicazione inizializzata con successo
2025-06-27 23:38:06,119 - werkzeug - WARNING -  * Debugger is active!
2025-06-27 23:38:06,129 - werkzeug - INFO -  * Debugger PIN: 124-881-311
2025-06-27 23:38:17,268 - werkzeug - INFO - 127.0.0.1 - - [27/Jun/2025 23:38:17] "OPTIONS /api/calendar/list HTTP/1.1" 200 -
2025-06-27 23:38:17,532 - googleapiclient.discovery_cache - INFO - file_cache is only supported with oauth2client<4.0.0
2025-06-27 23:38:18,296 - server.app.calendar.service - ERROR - Impossibile accedere al calendario con ID 'x6b34420df23351c1dc0225cb912d7fb5a8e8aaa5bd0e9a7285a22b86010354b2@group.calendar.google.com': <HttpError 404 when requesting https://www.googleapis.com/calendar/v3/calendars/x6b34420df23351c1dc0225cb912d7fb5a8e8aaa5bd0e9a7285a22b86010354b2%40group.calendar.google.com?alt=json returned "Not Found". Details: "[{'domain': 'global', 'reason': 'notFound', 'message': 'Not Found'}]">
2025-06-27 23:38:18,296 - werkzeug - INFO - 127.0.0.1 - - [27/Jun/2025 23:38:18] "GET /api/calendar/list HTTP/1.1" 200 -
2025-06-27 23:38:43,529 - werkzeug - INFO - 127.0.0.1 - - [27/Jun/2025 23:38:43] "OPTIONS /api/calendar/list HTTP/1.1" 200 -
2025-06-27 23:38:43,844 - googleapiclient.discovery_cache - INFO - file_cache is only supported with oauth2client<4.0.0
2025-06-27 23:38:44,620 - server.app.calendar.service - ERROR - Impossibile accedere al calendario con ID 'x6b34420df23351c1dc0225cb912d7fb5a8e8aaa5bd0e9a7285a22b86010354b2@group.calendar.google.com': <HttpError 404 when requesting https://www.googleapis.com/calendar/v3/calendars/x6b34420df23351c1dc0225cb912d7fb5a8e8aaa5bd0e9a7285a22b86010354b2%40group.calendar.google.com?alt=json returned "Not Found". Details: "[{'domain': 'global', 'reason': 'notFound', 'message': 'Not Found'}]">
2025-06-27 23:38:44,621 - werkzeug - INFO - 127.0.0.1 - - [27/Jun/2025 23:38:44] "GET /api/calendar/list HTTP/1.1" 200 -
2025-06-27 23:40:51,589 - werkzeug - INFO -  * Detected change in 'C:\\Users\\gengi\\Desktop\\StudioDimaAI\\server\\app\\calendar\\service.py', reloading
2025-06-27 23:40:51,712 - werkzeug - INFO -  * Restarting with stat
2025-06-27 23:40:53,377 - __main__ - INFO - Configurazione applicazione caricata con successo
2025-06-27 23:40:53,378 - __main__ - INFO - SQLALCHEMY_DATABASE_URI: sqlite:///C:\Users\gengi\Desktop\StudioDimaAI\server\instance\users.db
2025-06-27 23:40:53,415 - __main__ - INFO - Applicazione inizializzata con successo
2025-06-27 23:40:53,431 - werkzeug - WARNING -  * Debugger is active!
2025-06-27 23:40:53,440 - werkzeug - INFO -  * Debugger PIN: 124-881-311
2025-06-27 23:42:46,846 - __main__ - INFO - Configurazione applicazione caricata con successo
2025-06-27 23:42:46,847 - __main__ - INFO - SQLALCHEMY_DATABASE_URI: sqlite:///C:\Users\gengi\Desktop\StudioDimaAI\server\instance\users.db
2025-06-27 23:42:46,894 - __main__ - INFO - Applicazione inizializzata con successo
2025-06-27 23:42:46,925 - werkzeug - INFO - [31m[1mWARNING: This is a development server. Do not use it in a production deployment. Use a production WSGI server instead.[0m
 * Running on all addresses (0.0.0.0)
 * Running on http://127.0.0.1:5000
 * Running on http://192.168.1.167:5000
2025-06-27 23:42:46,925 - werkzeug - INFO - [33mPress CTRL+C to quit[0m
2025-06-27 23:42:46,927 - werkzeug - INFO -  * Restarting with stat
2025-06-27 23:42:48,228 - __main__ - INFO - Configurazione applicazione caricata con successo
2025-06-27 23:42:48,228 - __main__ - INFO - SQLALCHEMY_DATABASE_URI: sqlite:///C:\Users\gengi\Desktop\StudioDimaAI\server\instance\users.db
2025-06-27 23:42:48,266 - __main__ - INFO - Applicazione inizializzata con successo
2025-06-27 23:42:48,283 - werkzeug - WARNING -  * Debugger is active!
2025-06-27 23:42:48,292 - werkzeug - INFO -  * Debugger PIN: 124-881-311
2025-06-27 23:42:53,446 - werkzeug - INFO - 127.0.0.1 - - [27/Jun/2025 23:42:53] "OPTIONS /api/calendar/list HTTP/1.1" 200 -
2025-06-27 23:42:53,706 - googleapiclient.discovery_cache - INFO - file_cache is only supported with oauth2client<4.0.0
2025-06-27 23:42:54,418 - server.app.calendar.service - INFO - Trovati 3 calendari accessibili dall'account di servizio.
2025-06-27 23:42:54,418 - werkzeug - INFO - 127.0.0.1 - - [27/Jun/2025 23:42:54] "GET /api/calendar/list HTTP/1.1" 200 -
2025-06-27 23:44:24,655 - werkzeug - INFO -  * Detected change in 'C:\\Users\\gengi\\Desktop\\StudioDimaAI\\server\\app\\calendar\\service.py', reloading
2025-06-27 23:44:24,854 - werkzeug - INFO -  * Restarting with stat
2025-06-27 23:44:26,314 - __main__ - INFO - Configurazione applicazione caricata con successo
2025-06-27 23:44:26,315 - __main__ - INFO - SQLALCHEMY_DATABASE_URI: sqlite:///C:\Users\gengi\Desktop\StudioDimaAI\server\instance\users.db
2025-06-27 23:44:26,353 - __main__ - INFO - Applicazione inizializzata con successo
2025-06-27 23:44:26,369 - werkzeug - WARNING -  * Debugger is active!
2025-06-27 23:44:26,379 - werkzeug - INFO -  * Debugger PIN: 124-881-311
2025-06-27 23:45:19,127 - werkzeug - INFO - 127.0.0.1 - - [27/Jun/2025 23:45:19] "OPTIONS /api/calendar/list HTTP/1.1" 200 -
2025-06-27 23:45:19,400 - googleapiclient.discovery_cache - INFO - file_cache is only supported with oauth2client<4.0.0
2025-06-27 23:45:20,109 - server.app.calendar.service - INFO - Trovati 1 calendari pertinenti su 3 accessibili.
2025-06-27 23:45:20,109 - werkzeug - INFO - 127.0.0.1 - - [27/Jun/2025 23:45:20] "GET /api/calendar/list HTTP/1.1" 200 -
2025-06-27 23:45:36,801 - __main__ - INFO - Configurazione applicazione caricata con successo
2025-06-27 23:45:36,801 - __main__ - INFO - SQLALCHEMY_DATABASE_URI: sqlite:///C:\Users\gengi\Desktop\StudioDimaAI\server\instance\users.db
2025-06-27 23:45:36,839 - __main__ - INFO - Applicazione inizializzata con successo
2025-06-27 23:45:36,872 - werkzeug - INFO - [31m[1mWARNING: This is a development server. Do not use it in a production deployment. Use a production WSGI server instead.[0m
 * Running on all addresses (0.0.0.0)
 * Running on http://127.0.0.1:5000
 * Running on http://192.168.1.167:5000
2025-06-27 23:45:36,873 - werkzeug - INFO - [33mPress CTRL+C to quit[0m
2025-06-27 23:45:36,874 - werkzeug - INFO -  * Restarting with stat
2025-06-27 23:45:38,256 - __main__ - INFO - Configurazione applicazione caricata con successo
2025-06-27 23:45:38,256 - __main__ - INFO - SQLALCHEMY_DATABASE_URI: sqlite:///C:\Users\gengi\Desktop\StudioDimaAI\server\instance\users.db
2025-06-27 23:45:38,295 - __main__ - INFO - Applicazione inizializzata con successo
2025-06-27 23:45:38,312 - werkzeug - WARNING -  * Debugger is active!
2025-06-27 23:45:38,321 - werkzeug - INFO -  * Debugger PIN: 124-881-311
2025-06-27 23:45:43,492 - werkzeug - INFO - 127.0.0.1 - - [27/Jun/2025 23:45:43] "OPTIONS /api/calendar/list HTTP/1.1" 200 -
2025-06-27 23:45:43,761 - googleapiclient.discovery_cache - INFO - file_cache is only supported with oauth2client<4.0.0
2025-06-27 23:45:44,462 - server.app.calendar.service - INFO - Trovati 1 calendari pertinenti su 3 accessibili.
2025-06-27 23:45:44,462 - werkzeug - INFO - 127.0.0.1 - - [27/Jun/2025 23:45:44] "GET /api/calendar/list HTTP/1.1" 200 -
2025-06-27 23:55:09,569 - werkzeug - INFO -  * Detected change in 'C:\\Users\\gengi\\Desktop\\StudioDimaAI\\server\\app\\calendar\\service.py', reloading
2025-06-27 23:55:09,710 - werkzeug - INFO -  * Restarting with stat
2025-06-27 23:55:11,081 - __main__ - INFO - Configurazione applicazione caricata con successo
2025-06-27 23:55:11,082 - __main__ - INFO - SQLALCHEMY_DATABASE_URI: sqlite:///C:\Users\gengi\Desktop\StudioDimaAI\server\instance\users.db
2025-06-27 23:55:11,119 - __main__ - INFO - Applicazione inizializzata con successo
2025-06-27 23:55:11,139 - werkzeug - WARNING -  * Debugger is active!
2025-06-27 23:55:11,148 - werkzeug - INFO -  * Debugger PIN: 124-881-311
2025-06-27 23:59:13,075 - werkzeug - INFO -  * Detected change in 'C:\\Users\\gengi\\Desktop\\StudioDimaAI\\server\\app\\calendar\\service.py', reloading
2025-06-27 23:59:13,236 - werkzeug - INFO -  * Restarting with stat
2025-06-27 23:59:14,580 - __main__ - INFO - Configurazione applicazione caricata con successo
2025-06-27 23:59:14,580 - __main__ - INFO - SQLALCHEMY_DATABASE_URI: sqlite:///C:\Users\gengi\Desktop\StudioDimaAI\server\instance\users.db
2025-06-27 23:59:14,619 - __main__ - INFO - Applicazione inizializzata con successo
2025-06-27 23:59:14,636 - werkzeug - WARNING -  * Debugger is active!
2025-06-27 23:59:14,645 - werkzeug - INFO -  * Debugger PIN: 124-881-311
2025-06-27 23:59:23,440 - werkzeug - INFO - 127.0.0.1 - - [27/Jun/2025 23:59:23] "OPTIONS /api/calendar/list HTTP/1.1" 200 -
2025-06-27 23:59:23,725 - werkzeug - INFO - 127.0.0.1 - - [27/Jun/2025 23:59:23] "[31m[1mGET /api/calendar/list HTTP/1.1[0m" 401 -
2025-06-27 23:59:31,674 - werkzeug - INFO - 127.0.0.1 - - [27/Jun/2025 23:59:31] "OPTIONS /api/auth/login HTTP/1.1" 200 -
2025-06-27 23:59:32,200 - werkzeug - INFO - 127.0.0.1 - - [27/Jun/2025 23:59:32] "POST /api/auth/login HTTP/1.1" 200 -
2025-06-27 23:59:37,904 - werkzeug - INFO - 127.0.0.1 - - [27/Jun/2025 23:59:37] "OPTIONS /api/calendar/list HTTP/1.1" 200 -
2025-06-27 23:59:38,218 - googleapiclient.discovery_cache - INFO - file_cache is only supported with oauth2client<4.0.0
2025-06-27 23:59:38,876 - server.app.calendar.service - INFO - Trovati 1 calendari pertinenti su 3 accessibili.
2025-06-27 23:59:38,878 - werkzeug - INFO - 127.0.0.1 - - [27/Jun/2025 23:59:38] "GET /api/calendar/list HTTP/1.1" 200 -
2025-06-28 00:00:07,239 - werkzeug - INFO - 127.0.0.1 - - [28/Jun/2025 00:00:07] "OPTIONS /api/calendar/list HTTP/1.1" 200 -
2025-06-28 00:00:07,553 - googleapiclient.discovery_cache - INFO - file_cache is only supported with oauth2client<4.0.0
2025-06-28 00:00:08,203 - server.app.calendar.service - INFO - Trovati 1 calendari pertinenti su 3 accessibili.
2025-06-28 00:00:08,204 - werkzeug - INFO - 127.0.0.1 - - [28/Jun/2025 00:00:08] "GET /api/calendar/list HTTP/1.1" 200 -
2025-06-28 00:00:19,516 - __main__ - INFO - Configurazione applicazione caricata con successo
2025-06-28 00:00:19,517 - __main__ - INFO - SQLALCHEMY_DATABASE_URI: sqlite:///C:\Users\gengi\Desktop\StudioDimaAI\server\instance\users.db
2025-06-28 00:00:19,553 - __main__ - INFO - Applicazione inizializzata con successo
2025-06-28 00:00:19,582 - werkzeug - INFO - [31m[1mWARNING: This is a development server. Do not use it in a production deployment. Use a production WSGI server instead.[0m
 * Running on all addresses (0.0.0.0)
 * Running on http://127.0.0.1:5000
 * Running on http://192.168.1.167:5000
2025-06-28 00:00:19,582 - werkzeug - INFO - [33mPress CTRL+C to quit[0m
2025-06-28 00:00:19,584 - werkzeug - INFO -  * Restarting with stat
2025-06-28 00:00:20,845 - __main__ - INFO - Configurazione applicazione caricata con successo
2025-06-28 00:00:20,845 - __main__ - INFO - SQLALCHEMY_DATABASE_URI: sqlite:///C:\Users\gengi\Desktop\StudioDimaAI\server\instance\users.db
2025-06-28 00:00:20,881 - __main__ - INFO - Applicazione inizializzata con successo
2025-06-28 00:00:20,897 - werkzeug - WARNING -  * Debugger is active!
2025-06-28 00:00:20,912 - werkzeug - INFO -  * Debugger PIN: 124-881-311
2025-06-28 00:00:24,861 - werkzeug - INFO - 127.0.0.1 - - [28/Jun/2025 00:00:24] "OPTIONS /api/calendar/list HTTP/1.1" 200 -
2025-06-28 00:00:25,128 - googleapiclient.discovery_cache - INFO - file_cache is only supported with oauth2client<4.0.0
2025-06-28 00:00:25,805 - server.app.calendar.service - INFO - Trovati 1 calendari pertinenti su 3 accessibili.
2025-06-28 00:00:25,806 - werkzeug - INFO - 127.0.0.1 - - [28/Jun/2025 00:00:25] "GET /api/calendar/list HTTP/1.1" 200 -
2025-06-28 00:02:29,927 - werkzeug - INFO -  * Detected change in 'C:\\Users\\gengi\\Desktop\\StudioDimaAI\\server\\app\\calendar\\service.py', reloading
2025-06-28 00:02:30,085 - werkzeug - INFO -  * Restarting with stat
2025-06-28 00:02:31,404 - __main__ - INFO - Configurazione applicazione caricata con successo
2025-06-28 00:02:31,404 - __main__ - INFO - SQLALCHEMY_DATABASE_URI: sqlite:///C:\Users\gengi\Desktop\StudioDimaAI\server\instance\users.db
2025-06-28 00:02:31,441 - __main__ - INFO - Applicazione inizializzata con successo
2025-06-28 00:02:31,458 - werkzeug - WARNING -  * Debugger is active!
2025-06-28 00:02:31,467 - werkzeug - INFO -  * Debugger PIN: 124-881-311
2025-06-28 00:02:45,838 - __main__ - INFO - Configurazione applicazione caricata con successo
2025-06-28 00:02:45,839 - __main__ - INFO - SQLALCHEMY_DATABASE_URI: sqlite:///C:\Users\gengi\Desktop\StudioDimaAI\server\instance\users.db
2025-06-28 00:02:45,874 - __main__ - INFO - Applicazione inizializzata con successo
2025-06-28 00:02:45,900 - werkzeug - INFO - [31m[1mWARNING: This is a development server. Do not use it in a production deployment. Use a production WSGI server instead.[0m
 * Running on all addresses (0.0.0.0)
 * Running on http://127.0.0.1:5000
 * Running on http://192.168.1.167:5000
2025-06-28 00:02:45,900 - werkzeug - INFO - [33mPress CTRL+C to quit[0m
2025-06-28 00:02:45,902 - werkzeug - INFO -  * Restarting with stat
2025-06-28 00:02:47,159 - __main__ - INFO - Configurazione applicazione caricata con successo
2025-06-28 00:02:47,160 - __main__ - INFO - SQLALCHEMY_DATABASE_URI: sqlite:///C:\Users\gengi\Desktop\StudioDimaAI\server\instance\users.db
2025-06-28 00:02:47,195 - __main__ - INFO - Applicazione inizializzata con successo
2025-06-28 00:02:47,212 - werkzeug - WARNING -  * Debugger is active!
2025-06-28 00:02:47,221 - werkzeug - INFO -  * Debugger PIN: 124-881-311
2025-06-28 00:02:56,320 - werkzeug - INFO - 127.0.0.1 - - [28/Jun/2025 00:02:56] "OPTIONS /api/calendar/list HTTP/1.1" 200 -
2025-06-28 00:02:56,590 - googleapiclient.discovery_cache - INFO - file_cache is only supported with oauth2client<4.0.0
2025-06-28 00:02:57,226 - server.app.calendar.service - INFO - Trovati 2 calendari pertinenti su 3 accessibili.
2025-06-28 00:02:57,227 - werkzeug - INFO - 127.0.0.1 - - [28/Jun/2025 00:02:57] "GET /api/calendar/list HTTP/1.1" 200 -
